*** Starting uWSGI 2.0.24 (64bit) on [Sat Jul  6 05:44:46 2024] ***
compiled with version: 12.2.0 on 02 April 2024 03:29:23
os: Linux-6.5.11-linuxkit #1 SMP PREEMPT Wed Dec  6 17:08:31 UTC 2023
nodename: c1250288e775
machine: aarch64
clock source: unix
detected number of CPU cores: 8
current working directory: /app
detected binary path: /usr/local/bin/uwsgi
!!! no internal routing support, rebuild with pcre support !!!
uWSGI running as root, you can use --uid/--gid/--chroot options
*** WARNING: you are running uWSGI as root !!! (use the --uid flag) *** 
your memory page size is 4096 bytes
detected max file descriptor number: 1048576
lock engine: pthread robust mutexes
thunder lock: disabled (you can enable it with --thunder-lock)
uwsgi socket 0 bound to TCP address :3243 fd 3
uWSGI running as root, you can use --uid/--gid/--chroot options
*** WARNING: you are running uWSGI as root !!! (use the --uid flag) *** 
Python version: 3.8.19 (default, Mar 20 2024, 20:47:03)  [GCC 12.2.0]
*** Python threads support is disabled. You can enable it with --enable-threads ***
Python main interpreter initialized at 0xaaaad1232ab0
uWSGI running as root, you can use --uid/--gid/--chroot options
*** WARNING: you are running uWSGI as root !!! (use the --uid flag) *** 
your server socket listen backlog is limited to 100 connections
your mercy for graceful operations on workers is 60 seconds
mapped 437520 bytes (427 KB) for 5 cores
*** Operational MODE: preforking ***
WSGI app 0 (mountpoint='') ready in 1 seconds on interpreter 0xaaaad1232ab0 pid: 1 (default app)
uWSGI running as root, you can use --uid/--gid/--chroot options
*** WARNING: you are running uWSGI as root !!! (use the --uid flag) *** 
*** uWSGI is running in multiple interpreter mode ***
spawned uWSGI master process (pid: 1)
spawned uWSGI worker 1 (pid: 10, cores: 1)
spawned uWSGI worker 2 (pid: 11, cores: 1)
spawned uWSGI worker 3 (pid: 12, cores: 1)
spawned uWSGI worker 4 (pid: 13, cores: 1)
spawned uWSGI worker 5 (pid: 14, cores: 1)
[pid: 14|app: 0|req: 1/3] 192.168.65.1 () {54 vars in 858 bytes} [Sat Jul  6 05:45:27 2024] OPTIONS /api/category/detail => generated 0 bytes in 57 msecs (HTTP/1.1 200) 7 headers in 286 bytes (0 switches on core 0)
[pid: 11|app: 0|req: 1/3] 192.168.65.1 () {54 vars in 866 bytes} [Sat Jul  6 05:45:27 2024] OPTIONS /api/dir/translate/check => generated 0 bytes in 57 msecs (HTTP/1.1 200) 7 headers in 286 bytes (0 switches on core 0)
[pid: 10|app: 0|req: 1/3] 192.168.65.1 () {54 vars in 850 bytes} [Sat Jul  6 05:45:27 2024] OPTIONS /api/folder/read => generated 0 bytes in 57 msecs (HTTP/1.1 200) 7 headers in 286 bytes (0 switches on core 0)
[pid: 12|app: 0|req: 1/4] 192.168.65.1 () {52 vars in 839 bytes} [Sat Jul  6 05:45:27 2024] POST /api/folder/read => generated 15921 bytes in 15 msecs (HTTP/1.1 200) 4 headers in 148 bytes (1 switches on core 0)
[pid: 13|app: 0|req: 1/5] 192.168.65.1 () {52 vars in 847 bytes} [Sat Jul  6 05:45:27 2024] POST /api/category/detail => generated 1005 bytes in 14 msecs (HTTP/1.1 200) 4 headers in 139 bytes (1 switches on core 0)
ああああああああ！！！！！！
./translation_tool/genre/webblog/pagecategory/detail/1/language/sl/index.json
sl
ああああああああ！！！！！！
./translation_tool/genre/webblog/pagecategory/detail/1/language/sk/index.json
sk
ああああああああ！！！！！！
./translation_tool/genre/webblog/pagecategory/detail/1/language/ur/index.json
ur
ああああああああ！！！！！！
./translation_tool/genre/webblog/pagecategory/detail/1/language/sw/index.json
sw
ああああああああ！！！！！！
./translation_tool/genre/webblog/pagecategory/detail/1/language/ug/index.json
ug
ああああああああ！！！！！！
./translation_tool/genre/webblog/pagecategory/detail/1/language/sd/index.json
sd
ああああああああ！！！！！！
./translation_tool/genre/webblog/pagecategory/detail/1/language/uz/index.json
uz
ああああああああ！！！！！！
./translation_tool/genre/webblog/pagecategory/detail/1/language/pl/index.json
pl
ああああああああ！！！！！！
./translation_tool/genre/webblog/pagecategory/detail/1/language/sq/index.json
sq
ああああああああ！！！！！！
./translation_tool/genre/webblog/pagecategory/detail/1/language/sv/index.json
sv
ああああああああ！！！！！！
./translation_tool/genre/webblog/pagecategory/detail/1/language/he/index.json
he
ああああああああ！！！！！！
./translation_tool/genre/webblog/pagecategory/detail/1/language/ms/index.json
ms
ああああああああ！！！！！！
./translation_tool/genre/webblog/pagecategory/detail/1/language/km/index.json
km
ああああああああ！！！！！！
./translation_tool/genre/webblog/pagecategory/detail/1/language/hy/index.json
hy
ああああああああ！！！！！！
./translation_tool/genre/webblog/pagecategory/detail/1/language/am/index.json
am
ああああああああ！！！！！！
./translation_tool/genre/webblog/pagecategory/detail/1/language/be/index.json
be
ああああああああ！！！！！！
./translation_tool/genre/webblog/pagecategory/detail/1/language/mr/index.json
mr
ああああああああ！！！！！！
./translation_tool/genre/webblog/pagecategory/detail/1/language/kk/index.json
kk
ああああああああ！！！！！！
./translation_tool/genre/webblog/pagecategory/detail/1/language/gu/index.json
gu
ああああああああ！！！！！！
./translation_tool/genre/webblog/pagecategory/detail/1/language/mn/index.json
mn
ああああああああ！！！！！！
./translation_tool/genre/webblog/pagecategory/detail/1/language/ja/index.json
ja
ああああああああ！！！！！！
./translation_tool/genre/webblog/pagecategory/detail/1/language/el/index.json
el
ああああああああ！！！！！！
./translation_tool/genre/webblog/pagecategory/detail/1/language/lv/index.json
lv
ああああああああ！！！！！！
./translation_tool/genre/webblog/pagecategory/detail/1/language/it/index.json
it
ああああああああ！！！！！！
./translation_tool/genre/webblog/pagecategory/detail/1/language/ca/index.json
ca
ああああああああ！！！！！！
./translation_tool/genre/webblog/pagecategory/detail/1/language/is/index.json
is
ああああああああ！！！！！！
./translation_tool/genre/webblog/pagecategory/detail/1/language/cs/index.json
cs
ああああああああ！！！！！！
./translation_tool/genre/webblog/pagecategory/detail/1/language/te/index.json
te
ああああああああ！！！！！！
./translation_tool/genre/webblog/pagecategory/detail/1/language/ru/index.json
ru
ああああああああ！！！！！！
./translation_tool/genre/webblog/pagecategory/detail/1/language/tl/index.json
tl
ああああああああ！！！！！！
./translation_tool/genre/webblog/pagecategory/detail/1/language/ro/index.json
ro
ああああああああ！！！！！！
./translation_tool/genre/webblog/pagecategory/detail/1/language/pt/index.json
pt
ああああああああ！！！！！！
./translation_tool/genre/webblog/pagecategory/detail/1/language/pa/index.json
pa
ああああああああ！！！！！！
./translation_tool/genre/webblog/pagecategory/detail/1/language/si/index.json
si
ああああああああ！！！！！！
./translation_tool/genre/webblog/pagecategory/detail/1/language/ml/index.json
ml
ああああああああ！！！！！！
./translation_tool/genre/webblog/pagecategory/detail/1/language/ku/index.json
ku
ああああああああ！！！！！！
./translation_tool/genre/webblog/pagecategory/detail/1/language/mk/index.json
mk
ああああああああ！！！！！！
./translation_tool/genre/webblog/pagecategory/detail/1/language/kn/index.json
kn
ああああああああ！！！！！！
./translation_tool/genre/webblog/pagecategory/detail/1/language/bs/index.json
bs
ああああああああ！！！！！！
./translation_tool/genre/webblog/pagecategory/detail/1/language/my/index.json
my
ああああああああ！！！！！！
./translation_tool/genre/webblog/pagecategory/detail/1/language/ar/index.json
ar
ああああああああ！！！！！！
./translation_tool/genre/webblog/pagecategory/detail/1/language/gl/index.json
gl
ああああああああ！！！！！！
./translation_tool/genre/webblog/pagecategory/detail/1/language/hr/index.json
hr
ああああああああ！！！！！！
./translation_tool/genre/webblog/pagecategory/detail/1/language/hu/index.json
hu
ああああああああ！！！！！！
./translation_tool/genre/webblog/pagecategory/detail/1/language/nl/index.json
nl
ああああああああ！！！！！！
./translation_tool/genre/webblog/pagecategory/detail/1/language/bg/index.json
bg
ああああああああ！！！！！！
./translation_tool/genre/webblog/pagecategory/detail/1/language/bn/index.json
bn
ああああああああ！！！！！！
./translation_tool/genre/webblog/pagecategory/detail/1/language/ne/index.json
ne
ああああああああ！！！！！！
./translation_tool/genre/webblog/pagecategory/detail/1/language/af/index.json
af
ああああああああ！！！！！！
./translation_tool/genre/webblog/pagecategory/detail/1/language/hi/index.json
hi
[pid: 14|app: 0|req: 2/6] 192.168.65.1 () {52 vars in 855 bytes} [Sat Jul  6 05:45:27 2024] POST /api/dir/translate/check => generated 26 bytes in 138 msecs (HTTP/1.1 200) 4 headers in 137 bytes (1 switches on core 0)
[pid: 14|app: 0|req: 3/9] 192.168.65.1 () {54 vars in 850 bytes} [Sat Jul  6 05:47:27 2024] OPTIONS /api/folder/read => generated 0 bytes in 18 msecs (HTTP/1.1 200) 7 headers in 286 bytes (0 switches on core 0)
[pid: 10|app: 0|req: 2/9] 192.168.65.1 () {54 vars in 858 bytes} [Sat Jul  6 05:47:27 2024] OPTIONS /api/category/detail => generated 0 bytes in 19 msecs (HTTP/1.1 200) 7 headers in 286 bytes (0 switches on core 0)
[pid: 12|app: 0|req: 2/9] 192.168.65.1 () {54 vars in 866 bytes} [Sat Jul  6 05:47:27 2024] OPTIONS /api/dir/translate/check => generated 0 bytes in 19 msecs (HTTP/1.1 200) 7 headers in 286 bytes (0 switches on core 0)
[pid: 12|app: 0|req: 3/10] 192.168.65.1 () {52 vars in 847 bytes} [Sat Jul  6 05:47:27 2024] POST /api/category/detail => generated 1005 bytes in 10 msecs (HTTP/1.1 200) 4 headers in 139 bytes (1 switches on core 0)
[pid: 13|app: 0|req: 2/11] 192.168.65.1 () {52 vars in 839 bytes} [Sat Jul  6 05:47:27 2024] POST /api/folder/read => generated 15921 bytes in 11 msecs (HTTP/1.1 200) 4 headers in 148 bytes (1 switches on core 0)
ああああああああ！！！！！！
./translation_tool/genre/webblog/pagecategory/detail/1/language/sl/index.json
sl
ああああああああ！！！！！！
./translation_tool/genre/webblog/pagecategory/detail/1/language/sk/index.json
sk
ああああああああ！！！！！！
./translation_tool/genre/webblog/pagecategory/detail/1/language/ur/index.json
ur
ああああああああ！！！！！！
./translation_tool/genre/webblog/pagecategory/detail/1/language/sw/index.json
sw
ああああああああ！！！！！！
./translation_tool/genre/webblog/pagecategory/detail/1/language/ug/index.json
ug
ああああああああ！！！！！！
./translation_tool/genre/webblog/pagecategory/detail/1/language/sd/index.json
sd
ああああああああ！！！！！！
./translation_tool/genre/webblog/pagecategory/detail/1/language/uz/index.json
uz
ああああああああ！！！！！！
./translation_tool/genre/webblog/pagecategory/detail/1/language/pl/index.json
pl
ああああああああ！！！！！！
./translation_tool/genre/webblog/pagecategory/detail/1/language/sq/index.json
sq
ああああああああ！！！！！！
./translation_tool/genre/webblog/pagecategory/detail/1/language/sv/index.json
sv
ああああああああ！！！！！！
./translation_tool/genre/webblog/pagecategory/detail/1/language/he/index.json
he
ああああああああ！！！！！！
./translation_tool/genre/webblog/pagecategory/detail/1/language/ms/index.json
ms
ああああああああ！！！！！！
./translation_tool/genre/webblog/pagecategory/detail/1/language/km/index.json
km
ああああああああ！！！！！！
./translation_tool/genre/webblog/pagecategory/detail/1/language/hy/index.json
hy
ああああああああ！！！！！！
./translation_tool/genre/webblog/pagecategory/detail/1/language/am/index.json
am
ああああああああ！！！！！！
./translation_tool/genre/webblog/pagecategory/detail/1/language/be/index.json
be
ああああああああ！！！！！！
./translation_tool/genre/webblog/pagecategory/detail/1/language/mr/index.json
mr
ああああああああ！！！！！！
./translation_tool/genre/webblog/pagecategory/detail/1/language/kk/index.json
kk
ああああああああ！！！！！！
./translation_tool/genre/webblog/pagecategory/detail/1/language/gu/index.json
gu
ああああああああ！！！！！！
./translation_tool/genre/webblog/pagecategory/detail/1/language/mn/index.json
mn
ああああああああ！！！！！！
./translation_tool/genre/webblog/pagecategory/detail/1/language/ja/index.json
ja
ああああああああ！！！！！！
./translation_tool/genre/webblog/pagecategory/detail/1/language/el/index.json
el
ああああああああ！！！！！！
./translation_tool/genre/webblog/pagecategory/detail/1/language/lv/index.json
lv
ああああああああ！！！！！！
./translation_tool/genre/webblog/pagecategory/detail/1/language/it/index.json
it
ああああああああ！！！！！！
./translation_tool/genre/webblog/pagecategory/detail/1/language/ca/index.json
ca
ああああああああ！！！！！！
./translation_tool/genre/webblog/pagecategory/detail/1/language/is/index.json
is
ああああああああ！！！！！！
./translation_tool/genre/webblog/pagecategory/detail/1/language/cs/index.json
cs
ああああああああ！！！！！！
./translation_tool/genre/webblog/pagecategory/detail/1/language/te/index.json
te
ああああああああ！！！！！！
./translation_tool/genre/webblog/pagecategory/detail/1/language/ru/index.json
ru
ああああああああ！！！！！！
./translation_tool/genre/webblog/pagecategory/detail/1/language/tl/index.json
tl
ああああああああ！！！！！！
./translation_tool/genre/webblog/pagecategory/detail/1/language/ro/index.json
ro
ああああああああ！！！！！！
./translation_tool/genre/webblog/pagecategory/detail/1/language/pt/index.json
pt
ああああああああ！！！！！！
./translation_tool/genre/webblog/pagecategory/detail/1/language/pa/index.json
pa
ああああああああ！！！！！！
./translation_tool/genre/webblog/pagecategory/detail/1/language/si/index.json
si
ああああああああ！！！！！！
./translation_tool/genre/webblog/pagecategory/detail/1/language/ml/index.json
ml
ああああああああ！！！！！！
./translation_tool/genre/webblog/pagecategory/detail/1/language/ku/index.json
ku
ああああああああ！！！！！！
./translation_tool/genre/webblog/pagecategory/detail/1/language/mk/index.json
mk
ああああああああ！！！！！！
./translation_tool/genre/webblog/pagecategory/detail/1/language/kn/index.json
kn
ああああああああ！！！！！！
./translation_tool/genre/webblog/pagecategory/detail/1/language/bs/index.json
bs
ああああああああ！！！！！！
./translation_tool/genre/webblog/pagecategory/detail/1/language/my/index.json
my
ああああああああ！！！！！！
./translation_tool/genre/webblog/pagecategory/detail/1/language/ar/index.json
ar
ああああああああ！！！！！！
./translation_tool/genre/webblog/pagecategory/detail/1/language/gl/index.json
gl
ああああああああ！！！！！！
./translation_tool/genre/webblog/pagecategory/detail/1/language/hr/index.json
hr
ああああああああ！！！！！！
./translation_tool/genre/webblog/pagecategory/detail/1/language/hu/index.json
hu
ああああああああ！！！！！！
./translation_tool/genre/webblog/pagecategory/detail/1/language/nl/index.json
nl
ああああああああ！！！！！！
./translation_tool/genre/webblog/pagecategory/detail/1/language/bg/index.json
bg
ああああああああ！！！！！！
./translation_tool/genre/webblog/pagecategory/detail/1/language/bn/index.json
bn
ああああああああ！！！！！！
./translation_tool/genre/webblog/pagecategory/detail/1/language/ne/index.json
ne
ああああああああ！！！！！！
./translation_tool/genre/webblog/pagecategory/detail/1/language/af/index.json
af
ああああああああ！！！！！！
./translation_tool/genre/webblog/pagecategory/detail/1/language/hi/index.json
hi
[pid: 14|app: 0|req: 4/12] 192.168.65.1 () {52 vars in 855 bytes} [Sat Jul  6 05:47:27 2024] POST /api/dir/translate/check => generated 26 bytes in 183 msecs (HTTP/1.1 200) 4 headers in 137 bytes (1 switches on core 0)
[pid: 14|app: 0|req: 5/13] 192.168.65.1 () {54 vars in 858 bytes} [Sat Jul  6 05:49:29 2024] OPTIONS /api/category/detail => generated 0 bytes in 10 msecs (HTTP/1.1 200) 7 headers in 286 bytes (0 switches on core 0)
[pid: 10|app: 0|req: 3/14] 192.168.65.1 () {54 vars in 850 bytes} [Sat Jul  6 05:49:29 2024] OPTIONS /api/folder/read => generated 0 bytes in 10 msecs (HTTP/1.1 200) 7 headers in 286 bytes (0 switches on core 0)
[pid: 11|app: 0|req: 2/15] 192.168.65.1 () {54 vars in 866 bytes} [Sat Jul  6 05:49:29 2024] OPTIONS /api/dir/translate/check => generated 0 bytes in 69 msecs (HTTP/1.1 200) 7 headers in 286 bytes (0 switches on core 0)
[pid: 12|app: 0|req: 4/16] 192.168.65.1 () {52 vars in 847 bytes} [Sat Jul  6 05:49:30 2024] POST /api/category/detail => generated 1005 bytes in 50 msecs (HTTP/1.1 200) 4 headers in 139 bytes (1 switches on core 0)
[pid: 13|app: 0|req: 3/17] 192.168.65.1 () {52 vars in 839 bytes} [Sat Jul  6 05:49:30 2024] POST /api/folder/read => generated 15921 bytes in 49 msecs (HTTP/1.1 200) 4 headers in 148 bytes (1 switches on core 0)
ああああああああ！！！！！！
./translation_tool/genre/webblog/pagecategory/detail/1/language/sl/index.json
sl
ああああああああ！！！！！！
./translation_tool/genre/webblog/pagecategory/detail/1/language/sk/index.json
sk
ああああああああ！！！！！！
./translation_tool/genre/webblog/pagecategory/detail/1/language/ur/index.json
ur
ああああああああ！！！！！！
./translation_tool/genre/webblog/pagecategory/detail/1/language/sw/index.json
sw
ああああああああ！！！！！！
./translation_tool/genre/webblog/pagecategory/detail/1/language/ug/index.json
ug
ああああああああ！！！！！！
./translation_tool/genre/webblog/pagecategory/detail/1/language/sd/index.json
sd
ああああああああ！！！！！！
./translation_tool/genre/webblog/pagecategory/detail/1/language/uz/index.json
uz
ああああああああ！！！！！！
./translation_tool/genre/webblog/pagecategory/detail/1/language/pl/index.json
pl
ああああああああ！！！！！！
./translation_tool/genre/webblog/pagecategory/detail/1/language/sq/index.json
sq
ああああああああ！！！！！！
./translation_tool/genre/webblog/pagecategory/detail/1/language/sv/index.json
sv
ああああああああ！！！！！！
./translation_tool/genre/webblog/pagecategory/detail/1/language/he/index.json
he
ああああああああ！！！！！！
./translation_tool/genre/webblog/pagecategory/detail/1/language/ms/index.json
ms
ああああああああ！！！！！！
./translation_tool/genre/webblog/pagecategory/detail/1/language/km/index.json
km
ああああああああ！！！！！！
./translation_tool/genre/webblog/pagecategory/detail/1/language/hy/index.json
hy
ああああああああ！！！！！！
./translation_tool/genre/webblog/pagecategory/detail/1/language/am/index.json
am
ああああああああ！！！！！！
./translation_tool/genre/webblog/pagecategory/detail/1/language/be/index.json
be
ああああああああ！！！！！！
./translation_tool/genre/webblog/pagecategory/detail/1/language/mr/index.json
mr
ああああああああ！！！！！！
./translation_tool/genre/webblog/pagecategory/detail/1/language/kk/index.json
kk
ああああああああ！！！！！！
./translation_tool/genre/webblog/pagecategory/detail/1/language/gu/index.json
gu
ああああああああ！！！！！！
./translation_tool/genre/webblog/pagecategory/detail/1/language/mn/index.json
mn
ああああああああ！！！！！！
./translation_tool/genre/webblog/pagecategory/detail/1/language/ja/index.json
ja
ああああああああ！！！！！！
./translation_tool/genre/webblog/pagecategory/detail/1/language/el/index.json
el
ああああああああ！！！！！！
./translation_tool/genre/webblog/pagecategory/detail/1/language/lv/index.json
lv
ああああああああ！！！！！！
./translation_tool/genre/webblog/pagecategory/detail/1/language/it/index.json
it
ああああああああ！！！！！！
./translation_tool/genre/webblog/pagecategory/detail/1/language/ca/index.json
ca
ああああああああ！！！！！！
./translation_tool/genre/webblog/pagecategory/detail/1/language/is/index.json
is
ああああああああ！！！！！！
./translation_tool/genre/webblog/pagecategory/detail/1/language/cs/index.json
cs
ああああああああ！！！！！！
./translation_tool/genre/webblog/pagecategory/detail/1/language/te/index.json
te
ああああああああ！！！！！！
./translation_tool/genre/webblog/pagecategory/detail/1/language/ru/index.json
ru
ああああああああ！！！！！！
./translation_tool/genre/webblog/pagecategory/detail/1/language/tl/index.json
tl
ああああああああ！！！！！！
./translation_tool/genre/webblog/pagecategory/detail/1/language/ro/index.json
ro
ああああああああ！！！！！！
./translation_tool/genre/webblog/pagecategory/detail/1/language/pt/index.json
pt
ああああああああ！！！！！！
./translation_tool/genre/webblog/pagecategory/detail/1/language/pa/index.json
pa
ああああああああ！！！！！！
./translation_tool/genre/webblog/pagecategory/detail/1/language/si/index.json
si
ああああああああ！！！！！！
./translation_tool/genre/webblog/pagecategory/detail/1/language/ml/index.json
ml
ああああああああ！！！！！！
./translation_tool/genre/webblog/pagecategory/detail/1/language/ku/index.json
ku
ああああああああ！！！！！！
./translation_tool/genre/webblog/pagecategory/detail/1/language/mk/index.json
mk
ああああああああ！！！！！！
./translation_tool/genre/webblog/pagecategory/detail/1/language/kn/index.json
kn
ああああああああ！！！！！！
./translation_tool/genre/webblog/pagecategory/detail/1/language/bs/index.json
bs
ああああああああ！！！！！！
./translation_tool/genre/webblog/pagecategory/detail/1/language/my/index.json
my
ああああああああ！！！！！！
./translation_tool/genre/webblog/pagecategory/detail/1/language/ar/index.json
ar
ああああああああ！！！！！！
./translation_tool/genre/webblog/pagecategory/detail/1/language/gl/index.json
gl
ああああああああ！！！！！！
./translation_tool/genre/webblog/pagecategory/detail/1/language/hr/index.json
hr
ああああああああ！！！！！！
./translation_tool/genre/webblog/pagecategory/detail/1/language/hu/index.json
hu
ああああああああ！！！！！！
./translation_tool/genre/webblog/pagecategory/detail/1/language/nl/index.json
nl
ああああああああ！！！！！！
./translation_tool/genre/webblog/pagecategory/detail/1/language/bg/index.json
bg
ああああああああ！！！！！！
./translation_tool/genre/webblog/pagecategory/detail/1/language/bn/index.json
bn
ああああああああ！！！！！！
./translation_tool/genre/webblog/pagecategory/detail/1/language/ne/index.json
ne
ああああああああ！！！！！！
./translation_tool/genre/webblog/pagecategory/detail/1/language/af/index.json
af
ああああああああ！！！！！！
./translation_tool/genre/webblog/pagecategory/detail/1/language/hi/index.json
hi
[pid: 14|app: 0|req: 6/18] 192.168.65.1 () {52 vars in 855 bytes} [Sat Jul  6 05:49:30 2024] POST /api/dir/translate/check => generated 26 bytes in 118 msecs (HTTP/1.1 200) 4 headers in 137 bytes (1 switches on core 0)
[pid: 14|app: 0|req: 7/20] 192.168.65.1 () {54 vars in 858 bytes} [Sat Jul  6 05:50:05 2024] OPTIONS /api/category/detail => generated 0 bytes in 18 msecs (HTTP/1.1 200) 7 headers in 286 bytes (0 switches on core 0)
[pid: 12|app: 0|req: 5/20] 192.168.65.1 () {54 vars in 866 bytes} [Sat Jul  6 05:50:05 2024] OPTIONS /api/dir/translate/check => generated 0 bytes in 16 msecs (HTTP/1.1 200) 7 headers in 286 bytes (0 switches on core 0)
[pid: 13|app: 0|req: 4/21] 192.168.65.1 () {54 vars in 850 bytes} [Sat Jul  6 05:50:05 2024] OPTIONS /api/folder/read => generated 0 bytes in 26 msecs (HTTP/1.1 200) 7 headers in 286 bytes (0 switches on core 0)
[pid: 14|app: 0|req: 8/22] 192.168.65.1 () {52 vars in 839 bytes} [Sat Jul  6 05:50:05 2024] POST /api/folder/read => generated 15921 bytes in 17 msecs (HTTP/1.1 200) 4 headers in 148 bytes (1 switches on core 0)
[pid: 10|app: 0|req: 4/23] 192.168.65.1 () {52 vars in 847 bytes} [Sat Jul  6 05:50:05 2024] POST /api/category/detail => generated 1005 bytes in 22 msecs (HTTP/1.1 200) 4 headers in 139 bytes (1 switches on core 0)
ああああああああ！！！！！！
./translation_tool/genre/webblog/pagecategory/detail/1/language/sl/index.json
sl
ああああああああ！！！！！！
./translation_tool/genre/webblog/pagecategory/detail/1/language/sk/index.json
sk
ああああああああ！！！！！！
./translation_tool/genre/webblog/pagecategory/detail/1/language/ur/index.json
ur
ああああああああ！！！！！！
./translation_tool/genre/webblog/pagecategory/detail/1/language/sw/index.json
sw
ああああああああ！！！！！！
./translation_tool/genre/webblog/pagecategory/detail/1/language/ug/index.json
ug
ああああああああ！！！！！！
./translation_tool/genre/webblog/pagecategory/detail/1/language/sd/index.json
sd
ああああああああ！！！！！！
./translation_tool/genre/webblog/pagecategory/detail/1/language/uz/index.json
uz
ああああああああ！！！！！！
./translation_tool/genre/webblog/pagecategory/detail/1/language/pl/index.json
pl
ああああああああ！！！！！！
./translation_tool/genre/webblog/pagecategory/detail/1/language/sq/index.json
sq
ああああああああ！！！！！！
./translation_tool/genre/webblog/pagecategory/detail/1/language/sv/index.json
sv
ああああああああ！！！！！！
./translation_tool/genre/webblog/pagecategory/detail/1/language/he/index.json
he
ああああああああ！！！！！！
./translation_tool/genre/webblog/pagecategory/detail/1/language/ms/index.json
ms
ああああああああ！！！！！！
./translation_tool/genre/webblog/pagecategory/detail/1/language/km/index.json
km
ああああああああ！！！！！！
./translation_tool/genre/webblog/pagecategory/detail/1/language/hy/index.json
hy
ああああああああ！！！！！！
./translation_tool/genre/webblog/pagecategory/detail/1/language/am/index.json
am
ああああああああ！！！！！！
./translation_tool/genre/webblog/pagecategory/detail/1/language/be/index.json
be
ああああああああ！！！！！！
./translation_tool/genre/webblog/pagecategory/detail/1/language/mr/index.json
mr
ああああああああ！！！！！！
./translation_tool/genre/webblog/pagecategory/detail/1/language/kk/index.json
kk
ああああああああ！！！！！！
./translation_tool/genre/webblog/pagecategory/detail/1/language/gu/index.json
gu
ああああああああ！！！！！！
./translation_tool/genre/webblog/pagecategory/detail/1/language/mn/index.json
mn
ああああああああ！！！！！！
./translation_tool/genre/webblog/pagecategory/detail/1/language/ja/index.json
ja
ああああああああ！！！！！！
./translation_tool/genre/webblog/pagecategory/detail/1/language/el/index.json
el
ああああああああ！！！！！！
./translation_tool/genre/webblog/pagecategory/detail/1/language/lv/index.json
lv
ああああああああ！！！！！！
./translation_tool/genre/webblog/pagecategory/detail/1/language/it/index.json
it
ああああああああ！！！！！！
./translation_tool/genre/webblog/pagecategory/detail/1/language/ca/index.json
ca
ああああああああ！！！！！！
./translation_tool/genre/webblog/pagecategory/detail/1/language/is/index.json
is
ああああああああ！！！！！！
./translation_tool/genre/webblog/pagecategory/detail/1/language/cs/index.json
cs
ああああああああ！！！！！！
./translation_tool/genre/webblog/pagecategory/detail/1/language/te/index.json
te
ああああああああ！！！！！！
./translation_tool/genre/webblog/pagecategory/detail/1/language/ru/index.json
ru
ああああああああ！！！！！！
./translation_tool/genre/webblog/pagecategory/detail/1/language/tl/index.json
tl
ああああああああ！！！！！！
./translation_tool/genre/webblog/pagecategory/detail/1/language/ro/index.json
ro
ああああああああ！！！！！！
./translation_tool/genre/webblog/pagecategory/detail/1/language/pt/index.json
pt
ああああああああ！！！！！！
./translation_tool/genre/webblog/pagecategory/detail/1/language/pa/index.json
pa
ああああああああ！！！！！！
./translation_tool/genre/webblog/pagecategory/detail/1/language/si/index.json
si
ああああああああ！！！！！！
./translation_tool/genre/webblog/pagecategory/detail/1/language/ml/index.json
ml
ああああああああ！！！！！！
./translation_tool/genre/webblog/pagecategory/detail/1/language/ku/index.json
ku
ああああああああ！！！！！！
./translation_tool/genre/webblog/pagecategory/detail/1/language/mk/index.json
mk
ああああああああ！！！！！！
./translation_tool/genre/webblog/pagecategory/detail/1/language/kn/index.json
kn
ああああああああ！！！！！！
./translation_tool/genre/webblog/pagecategory/detail/1/language/bs/index.json
bs
ああああああああ！！！！！！
./translation_tool/genre/webblog/pagecategory/detail/1/language/my/index.json
my
ああああああああ！！！！！！
./translation_tool/genre/webblog/pagecategory/detail/1/language/ar/index.json
ar
ああああああああ！！！！！！
./translation_tool/genre/webblog/pagecategory/detail/1/language/gl/index.json
gl
ああああああああ！！！！！！
./translation_tool/genre/webblog/pagecategory/detail/1/language/hr/index.json
hr
ああああああああ！！！！！！
./translation_tool/genre/webblog/pagecategory/detail/1/language/hu/index.json
hu
ああああああああ！！！！！！
./translation_tool/genre/webblog/pagecategory/detail/1/language/nl/index.json
nl
ああああああああ！！！！！！
./translation_tool/genre/webblog/pagecategory/detail/1/language/bg/index.json
bg
ああああああああ！！！！！！
./translation_tool/genre/webblog/pagecategory/detail/1/language/bn/index.json
bn
ああああああああ！！！！！！
./translation_tool/genre/webblog/pagecategory/detail/1/language/ne/index.json
ne
ああああああああ！！！！！！
./translation_tool/genre/webblog/pagecategory/detail/1/language/af/index.json
af
ああああああああ！！！！！！
./translation_tool/genre/webblog/pagecategory/detail/1/language/hi/index.json
hi
[pid: 11|app: 0|req: 3/24] 192.168.65.1 () {52 vars in 855 bytes} [Sat Jul  6 05:50:05 2024] POST /api/dir/translate/check => generated 26 bytes in 103 msecs (HTTP/1.1 200) 4 headers in 137 bytes (1 switches on core 0)
[pid: 12|app: 0|req: 6/27] 192.168.65.1 () {54 vars in 850 bytes} [Sat Jul  6 05:52:19 2024] OPTIONS /api/folder/read => generated 0 bytes in 9 msecs (HTTP/1.1 200) 7 headers in 286 bytes (0 switches on core 0)
[pid: 13|app: 0|req: 5/27] 192.168.65.1 () {54 vars in 866 bytes} [Sat Jul  6 05:52:19 2024] OPTIONS /api/dir/translate/check => generated 0 bytes in 9 msecs (HTTP/1.1 200) 7 headers in 286 bytes (0 switches on core 0)
[pid: 14|app: 0|req: 9/27] 192.168.65.1 () {54 vars in 858 bytes} [Sat Jul  6 05:52:19 2024] OPTIONS /api/category/detail => generated 0 bytes in 9 msecs (HTTP/1.1 200) 7 headers in 286 bytes (0 switches on core 0)
[pid: 13|app: 0|req: 6/28] 192.168.65.1 () {52 vars in 847 bytes} [Sat Jul  6 05:52:19 2024] POST /api/category/detail => generated 1005 bytes in 11 msecs (HTTP/1.1 200) 4 headers in 139 bytes (1 switches on core 0)
[pid: 11|app: 0|req: 4/29] 192.168.65.1 () {52 vars in 839 bytes} [Sat Jul  6 05:52:19 2024] POST /api/folder/read => generated 15921 bytes in 25 msecs (HTTP/1.1 200) 4 headers in 148 bytes (1 switches on core 0)
ああああああああ！！！！！！
./translation_tool/genre/webblog/pagecategory/detail/1/language/sl/index.json
sl
ああああああああ！！！！！！
./translation_tool/genre/webblog/pagecategory/detail/1/language/sk/index.json
sk
ああああああああ！！！！！！
./translation_tool/genre/webblog/pagecategory/detail/1/language/ur/index.json
ur
ああああああああ！！！！！！
./translation_tool/genre/webblog/pagecategory/detail/1/language/sw/index.json
sw
ああああああああ！！！！！！
./translation_tool/genre/webblog/pagecategory/detail/1/language/ug/index.json
ug
ああああああああ！！！！！！
./translation_tool/genre/webblog/pagecategory/detail/1/language/sd/index.json
sd
ああああああああ！！！！！！
./translation_tool/genre/webblog/pagecategory/detail/1/language/uz/index.json
uz
ああああああああ！！！！！！
./translation_tool/genre/webblog/pagecategory/detail/1/language/pl/index.json
pl
ああああああああ！！！！！！
./translation_tool/genre/webblog/pagecategory/detail/1/language/sq/index.json
sq
ああああああああ！！！！！！
./translation_tool/genre/webblog/pagecategory/detail/1/language/sv/index.json
sv
ああああああああ！！！！！！
./translation_tool/genre/webblog/pagecategory/detail/1/language/he/index.json
he
ああああああああ！！！！！！
./translation_tool/genre/webblog/pagecategory/detail/1/language/ms/index.json
ms
ああああああああ！！！！！！
./translation_tool/genre/webblog/pagecategory/detail/1/language/km/index.json
km
ああああああああ！！！！！！
./translation_tool/genre/webblog/pagecategory/detail/1/language/hy/index.json
hy
ああああああああ！！！！！！
./translation_tool/genre/webblog/pagecategory/detail/1/language/am/index.json
am
ああああああああ！！！！！！
./translation_tool/genre/webblog/pagecategory/detail/1/language/be/index.json
be
ああああああああ！！！！！！
./translation_tool/genre/webblog/pagecategory/detail/1/language/mr/index.json
mr
ああああああああ！！！！！！
./translation_tool/genre/webblog/pagecategory/detail/1/language/kk/index.json
kk
ああああああああ！！！！！！
./translation_tool/genre/webblog/pagecategory/detail/1/language/gu/index.json
gu
ああああああああ！！！！！！
./translation_tool/genre/webblog/pagecategory/detail/1/language/mn/index.json
mn
ああああああああ！！！！！！
./translation_tool/genre/webblog/pagecategory/detail/1/language/ja/index.json
ja
ああああああああ！！！！！！
./translation_tool/genre/webblog/pagecategory/detail/1/language/el/index.json
el
ああああああああ！！！！！！
./translation_tool/genre/webblog/pagecategory/detail/1/language/lv/index.json
lv
ああああああああ！！！！！！
./translation_tool/genre/webblog/pagecategory/detail/1/language/it/index.json
it
ああああああああ！！！！！！
./translation_tool/genre/webblog/pagecategory/detail/1/language/ca/index.json
ca
ああああああああ！！！！！！
./translation_tool/genre/webblog/pagecategory/detail/1/language/is/index.json
is
ああああああああ！！！！！！
./translation_tool/genre/webblog/pagecategory/detail/1/language/cs/index.json
cs
ああああああああ！！！！！！
./translation_tool/genre/webblog/pagecategory/detail/1/language/te/index.json
te
ああああああああ！！！！！！
./translation_tool/genre/webblog/pagecategory/detail/1/language/ru/index.json
ru
ああああああああ！！！！！！
./translation_tool/genre/webblog/pagecategory/detail/1/language/tl/index.json
tl
ああああああああ！！！！！！
./translation_tool/genre/webblog/pagecategory/detail/1/language/ro/index.json
ro
ああああああああ！！！！！！
./translation_tool/genre/webblog/pagecategory/detail/1/language/pt/index.json
pt
ああああああああ！！！！！！
./translation_tool/genre/webblog/pagecategory/detail/1/language/pa/index.json
pa
ああああああああ！！！！！！
./translation_tool/genre/webblog/pagecategory/detail/1/language/si/index.json
si
ああああああああ！！！！！！
./translation_tool/genre/webblog/pagecategory/detail/1/language/ml/index.json
ml
ああああああああ！！！！！！
./translation_tool/genre/webblog/pagecategory/detail/1/language/ku/index.json
ku
ああああああああ！！！！！！
./translation_tool/genre/webblog/pagecategory/detail/1/language/mk/index.json
mk
ああああああああ！！！！！！
./translation_tool/genre/webblog/pagecategory/detail/1/language/kn/index.json
kn
ああああああああ！！！！！！
./translation_tool/genre/webblog/pagecategory/detail/1/language/bs/index.json
bs
ああああああああ！！！！！！
./translation_tool/genre/webblog/pagecategory/detail/1/language/my/index.json
my
ああああああああ！！！！！！
./translation_tool/genre/webblog/pagecategory/detail/1/language/ar/index.json
ar
ああああああああ！！！！！！
./translation_tool/genre/webblog/pagecategory/detail/1/language/gl/index.json
gl
ああああああああ！！！！！！
./translation_tool/genre/webblog/pagecategory/detail/1/language/hr/index.json
hr
ああああああああ！！！！！！
./translation_tool/genre/webblog/pagecategory/detail/1/language/hu/index.json
hu
ああああああああ！！！！！！
./translation_tool/genre/webblog/pagecategory/detail/1/language/nl/index.json
nl
ああああああああ！！！！！！
./translation_tool/genre/webblog/pagecategory/detail/1/language/bg/index.json
bg
ああああああああ！！！！！！
./translation_tool/genre/webblog/pagecategory/detail/1/language/bn/index.json
bn
ああああああああ！！！！！！
./translation_tool/genre/webblog/pagecategory/detail/1/language/ne/index.json
ne
ああああああああ！！！！！！
./translation_tool/genre/webblog/pagecategory/detail/1/language/af/index.json
af
ああああああああ！！！！！！
./translation_tool/genre/webblog/pagecategory/detail/1/language/hi/index.json
hi
[pid: 14|app: 0|req: 10/30] 192.168.65.1 () {52 vars in 855 bytes} [Sat Jul  6 05:52:19 2024] POST /api/dir/translate/check => generated 26 bytes in 143 msecs (HTTP/1.1 200) 4 headers in 137 bytes (1 switches on core 0)
[pid: 14|app: 0|req: 11/32] 192.168.65.1 () {54 vars in 866 bytes} [Sat Jul  6 05:53:29 2024] OPTIONS /api/dir/translate/check => generated 0 bytes in 12 msecs (HTTP/1.1 200) 7 headers in 286 bytes (0 switches on core 0)
[pid: 12|app: 0|req: 7/32] 192.168.65.1 () {54 vars in 850 bytes} [Sat Jul  6 05:53:29 2024] OPTIONS /api/folder/read => generated 0 bytes in 14 msecs (HTTP/1.1 200) 7 headers in 286 bytes (0 switches on core 0)
[pid: 13|app: 0|req: 7/33] 192.168.65.1 () {54 vars in 858 bytes} [Sat Jul  6 05:53:29 2024] OPTIONS /api/category/detail => generated 0 bytes in 14 msecs (HTTP/1.1 200) 7 headers in 286 bytes (0 switches on core 0)
[pid: 14|app: 0|req: 12/34] 192.168.65.1 () {52 vars in 839 bytes} [Sat Jul  6 05:53:29 2024] POST /api/folder/read => generated 15921 bytes in 19 msecs (HTTP/1.1 200) 4 headers in 148 bytes (1 switches on core 0)
[pid: 13|app: 0|req: 8/35] 192.168.65.1 () {52 vars in 847 bytes} [Sat Jul  6 05:53:29 2024] POST /api/category/detail => generated 1005 bytes in 16 msecs (HTTP/1.1 200) 4 headers in 139 bytes (1 switches on core 0)
ああああああああ！！！！！！
./translation_tool/genre/webblog/pagecategory/detail/1/language/sl/index.json
sl
ああああああああ！！！！！！
./translation_tool/genre/webblog/pagecategory/detail/1/language/sk/index.json
sk
ああああああああ！！！！！！
./translation_tool/genre/webblog/pagecategory/detail/1/language/ur/index.json
ur
ああああああああ！！！！！！
./translation_tool/genre/webblog/pagecategory/detail/1/language/sw/index.json
sw
ああああああああ！！！！！！
./translation_tool/genre/webblog/pagecategory/detail/1/language/ug/index.json
ug
ああああああああ！！！！！！
./translation_tool/genre/webblog/pagecategory/detail/1/language/sd/index.json
sd
ああああああああ！！！！！！
./translation_tool/genre/webblog/pagecategory/detail/1/language/uz/index.json
uz
ああああああああ！！！！！！
./translation_tool/genre/webblog/pagecategory/detail/1/language/pl/index.json
pl
ああああああああ！！！！！！
./translation_tool/genre/webblog/pagecategory/detail/1/language/sq/index.json
sq
ああああああああ！！！！！！
./translation_tool/genre/webblog/pagecategory/detail/1/language/sv/index.json
sv
ああああああああ！！！！！！
./translation_tool/genre/webblog/pagecategory/detail/1/language/he/index.json
he
ああああああああ！！！！！！
./translation_tool/genre/webblog/pagecategory/detail/1/language/ms/index.json
ms
ああああああああ！！！！！！
./translation_tool/genre/webblog/pagecategory/detail/1/language/km/index.json
km
ああああああああ！！！！！！
./translation_tool/genre/webblog/pagecategory/detail/1/language/hy/index.json
hy
ああああああああ！！！！！！
./translation_tool/genre/webblog/pagecategory/detail/1/language/am/index.json
am
ああああああああ！！！！！！
./translation_tool/genre/webblog/pagecategory/detail/1/language/be/index.json
be
ああああああああ！！！！！！
./translation_tool/genre/webblog/pagecategory/detail/1/language/mr/index.json
mr
ああああああああ！！！！！！
./translation_tool/genre/webblog/pagecategory/detail/1/language/kk/index.json
kk
ああああああああ！！！！！！
./translation_tool/genre/webblog/pagecategory/detail/1/language/gu/index.json
gu
ああああああああ！！！！！！
./translation_tool/genre/webblog/pagecategory/detail/1/language/mn/index.json
mn
ああああああああ！！！！！！
./translation_tool/genre/webblog/pagecategory/detail/1/language/ja/index.json
ja
ああああああああ！！！！！！
./translation_tool/genre/webblog/pagecategory/detail/1/language/el/index.json
el
ああああああああ！！！！！！
./translation_tool/genre/webblog/pagecategory/detail/1/language/lv/index.json
lv
ああああああああ！！！！！！
./translation_tool/genre/webblog/pagecategory/detail/1/language/it/index.json
it
ああああああああ！！！！！！
./translation_tool/genre/webblog/pagecategory/detail/1/language/ca/index.json
ca
ああああああああ！！！！！！
./translation_tool/genre/webblog/pagecategory/detail/1/language/is/index.json
is
ああああああああ！！！！！！
./translation_tool/genre/webblog/pagecategory/detail/1/language/cs/index.json
cs
ああああああああ！！！！！！
./translation_tool/genre/webblog/pagecategory/detail/1/language/te/index.json
te
ああああああああ！！！！！！
./translation_tool/genre/webblog/pagecategory/detail/1/language/ru/index.json
ru
ああああああああ！！！！！！
./translation_tool/genre/webblog/pagecategory/detail/1/language/tl/index.json
tl
ああああああああ！！！！！！
./translation_tool/genre/webblog/pagecategory/detail/1/language/ro/index.json
ro
ああああああああ！！！！！！
./translation_tool/genre/webblog/pagecategory/detail/1/language/pt/index.json
pt
ああああああああ！！！！！！
./translation_tool/genre/webblog/pagecategory/detail/1/language/pa/index.json
pa
ああああああああ！！！！！！
./translation_tool/genre/webblog/pagecategory/detail/1/language/si/index.json
si
ああああああああ！！！！！！
./translation_tool/genre/webblog/pagecategory/detail/1/language/ml/index.json
ml
ああああああああ！！！！！！
./translation_tool/genre/webblog/pagecategory/detail/1/language/ku/index.json
ku
ああああああああ！！！！！！
./translation_tool/genre/webblog/pagecategory/detail/1/language/mk/index.json
mk
ああああああああ！！！！！！
./translation_tool/genre/webblog/pagecategory/detail/1/language/kn/index.json
kn
ああああああああ！！！！！！
./translation_tool/genre/webblog/pagecategory/detail/1/language/bs/index.json
bs
ああああああああ！！！！！！
./translation_tool/genre/webblog/pagecategory/detail/1/language/my/index.json
my
ああああああああ！！！！！！
./translation_tool/genre/webblog/pagecategory/detail/1/language/ar/index.json
ar
ああああああああ！！！！！！
./translation_tool/genre/webblog/pagecategory/detail/1/language/gl/index.json
gl
ああああああああ！！！！！！
./translation_tool/genre/webblog/pagecategory/detail/1/language/hr/index.json
hr
ああああああああ！！！！！！
./translation_tool/genre/webblog/pagecategory/detail/1/language/hu/index.json
hu
ああああああああ！！！！！！
./translation_tool/genre/webblog/pagecategory/detail/1/language/nl/index.json
nl
ああああああああ！！！！！！
./translation_tool/genre/webblog/pagecategory/detail/1/language/bg/index.json
bg
ああああああああ！！！！！！
./translation_tool/genre/webblog/pagecategory/detail/1/language/bn/index.json
bn
ああああああああ！！！！！！
./translation_tool/genre/webblog/pagecategory/detail/1/language/ne/index.json
ne
ああああああああ！！！！！！
./translation_tool/genre/webblog/pagecategory/detail/1/language/af/index.json
af
ああああああああ！！！！！！
./translation_tool/genre/webblog/pagecategory/detail/1/language/de/index.json
de
ああああああああ！！！！！！
./translation_tool/genre/webblog/pagecategory/detail/1/language/az/index.json
az
ああああああああ！！！！！！
./translation_tool/genre/webblog/pagecategory/detail/1/language/ko/index.json
ko
ああああああああ！！！！！！
./translation_tool/genre/webblog/pagecategory/detail/1/language/fi/index.json
fi
ああああああああ！！！！！！
./translation_tool/genre/webblog/pagecategory/detail/1/language/eo/index.json
eo
ああああああああ！！！！！！
./translation_tool/genre/webblog/pagecategory/detail/1/language/id/index.json
id
ああああああああ！！！！！！
./translation_tool/genre/webblog/pagecategory/detail/1/language/fr/index.json
fr
ああああああああ！！！！！！
./translation_tool/genre/webblog/pagecategory/detail/1/language/es/index.json
es
ああああああああ！！！！！！
./translation_tool/genre/webblog/pagecategory/detail/1/language/et/index.json
et
ああああああああ！！！！！！
./translation_tool/genre/webblog/pagecategory/detail/1/language/en/index.json
en
ああああああああ！！！！！！
./translation_tool/genre/webblog/pagecategory/detail/1/language/fa/index.json
fa
ああああああああ！！！！！！
./translation_tool/genre/webblog/pagecategory/detail/1/language/lt/index.json
lt
ああああああああ！！！！！！
./translation_tool/genre/webblog/pagecategory/detail/1/language/cy/index.json
cy
ああああああああ！！！！！！
./translation_tool/genre/webblog/pagecategory/detail/1/language/eu/index.json
eu
ああああああああ！！！！！！
./translation_tool/genre/webblog/pagecategory/detail/1/language/jv/index.json
jv
ああああああああ！！！！！！
./translation_tool/genre/webblog/pagecategory/detail/1/language/ta/index.json
ta
ああああああああ！！！！！！
./translation_tool/genre/webblog/pagecategory/detail/1/language/th/index.json
th
ああああああああ！！！！！！
./translation_tool/genre/webblog/pagecategory/detail/1/language/tr/index.json
tr
[pid: 12|app: 0|req: 8/36] 192.168.65.1 () {52 vars in 855 bytes} [Sat Jul  6 05:53:29 2024] POST /api/dir/translate/check => generated 321 bytes in 142 msecs (HTTP/1.1 200) 4 headers in 138 bytes (1 switches on core 0)
[pid: 14|app: 0|req: 13/37] 192.168.65.1 () {54 vars in 856 bytes} [Sat Jul  6 05:53:47 2024] OPTIONS /api/file/translate => generated 0 bytes in 5 msecs (HTTP/1.1 200) 7 headers in 286 bytes (0 switches on core 0)
hi - 効果的な見出しで読者を引き込む！見出しブロックの紹介: प्रभावी शीर्षक के साथ पाठकों को आकर्षित करें! शीर्षक ब्लॉक का परिचय
hi - 見出しはウェブページのデザインの中でも極めて重要な役割を果たします。
この記事では、効果的な見出しのカスタマイズがユーザーに与える効果と合わせてLife Is Beautiful で用意したオリジナルの見出しブロックについて紹介していきたいと思います。: शीर्षक वेब पेज डिज़ाइन में बहुत महत्वपूर्ण भूमिका निभाते हैं।
इस लेख में, मैं प्रभावी शीर्षकों के अनुकूलन के प्रभाव के साथ-साथ Life Is Beautiful में तैयार किए गए मूल शीर्षक ब्लॉक के बारे में भी परिचय देना चाहता हूँ।
hi - 見出しの重要性とその影響: शीर्षक का महत्व और उसके प्रभाव
SIGINT/SIGTERM received...killing workers...
worker 1 buried after 1 seconds
worker 2 buried after 1 seconds
worker 3 buried after 1 seconds
worker 4 buried after 1 seconds
worker 5 buried after 1 seconds
goodbye to uWSGI.
*** Starting uWSGI 2.0.24 (64bit) on [Sat Jul  6 05:55:21 2024] ***
compiled with version: 12.2.0 on 02 April 2024 03:29:23
os: Linux-6.5.11-linuxkit #1 SMP PREEMPT Wed Dec  6 17:08:31 UTC 2023
nodename: c1250288e775
machine: aarch64
clock source: unix
detected number of CPU cores: 8
current working directory: /app
detected binary path: /usr/local/bin/uwsgi
!!! no internal routing support, rebuild with pcre support !!!
uWSGI running as root, you can use --uid/--gid/--chroot options
*** WARNING: you are running uWSGI as root !!! (use the --uid flag) *** 
your memory page size is 4096 bytes
detected max file descriptor number: 1048576
lock engine: pthread robust mutexes
thunder lock: disabled (you can enable it with --thunder-lock)
uwsgi socket 0 bound to TCP address :3243 fd 3
uWSGI running as root, you can use --uid/--gid/--chroot options
*** WARNING: you are running uWSGI as root !!! (use the --uid flag) *** 
Python version: 3.8.19 (default, Mar 20 2024, 20:47:03)  [GCC 12.2.0]
*** Python threads support is disabled. You can enable it with --enable-threads ***
Python main interpreter initialized at 0xaaab0ba1fab0
uWSGI running as root, you can use --uid/--gid/--chroot options
*** WARNING: you are running uWSGI as root !!! (use the --uid flag) *** 
your server socket listen backlog is limited to 100 connections
your mercy for graceful operations on workers is 60 seconds
mapped 437520 bytes (427 KB) for 5 cores
*** Operational MODE: preforking ***
WSGI app 0 (mountpoint='') ready in 1 seconds on interpreter 0xaaab0ba1fab0 pid: 1 (default app)
uWSGI running as root, you can use --uid/--gid/--chroot options
*** WARNING: you are running uWSGI as root !!! (use the --uid flag) *** 
*** uWSGI is running in multiple interpreter mode ***
spawned uWSGI master process (pid: 1)
spawned uWSGI worker 1 (pid: 9, cores: 1)
spawned uWSGI worker 2 (pid: 10, cores: 1)
spawned uWSGI worker 3 (pid: 11, cores: 1)
spawned uWSGI worker 4 (pid: 12, cores: 1)
spawned uWSGI worker 5 (pid: 13, cores: 1)
[pid: 12|app: 0|req: 1/2] 192.168.65.1 () {54 vars in 866 bytes} [Sat Jul  6 05:55:55 2024] OPTIONS /api/dir/translate/check => generated 0 bytes in 39 msecs (HTTP/1.1 200) 7 headers in 286 bytes (0 switches on core 0)
[pid: 13|app: 0|req: 1/3] 192.168.65.1 () {54 vars in 850 bytes} [Sat Jul  6 05:55:55 2024] OPTIONS /api/folder/read => generated 0 bytes in 47 msecs (HTTP/1.1 200) 7 headers in 286 bytes (0 switches on core 0)
[pid: 11|app: 0|req: 1/3] 192.168.65.1 () {54 vars in 858 bytes} [Sat Jul  6 05:55:55 2024] OPTIONS /api/category/detail => generated 0 bytes in 44 msecs (HTTP/1.1 200) 7 headers in 286 bytes (0 switches on core 0)
[pid: 12|app: 0|req: 2/4] 192.168.65.1 () {52 vars in 847 bytes} [Sat Jul  6 05:55:55 2024] POST /api/category/detail => generated 1005 bytes in 14 msecs (HTTP/1.1 200) 4 headers in 139 bytes (1 switches on core 0)
[pid: 9|app: 0|req: 1/5] 192.168.65.1 () {52 vars in 839 bytes} [Sat Jul  6 05:55:55 2024] POST /api/folder/read => generated 15921 bytes in 17 msecs (HTTP/1.1 200) 4 headers in 148 bytes (1 switches on core 0)
[pid: 13|app: 0|req: 2/6] 192.168.65.1 () {52 vars in 855 bytes} [Sat Jul  6 05:55:55 2024] POST /api/dir/translate/check => generated 26 bytes in 141 msecs (HTTP/1.1 200) 4 headers in 137 bytes (1 switches on core 0)
SIGINT/SIGTERM received...killing workers...
worker 1 buried after 1 seconds
worker 2 buried after 1 seconds
worker 4 buried after 1 seconds
worker 5 buried after 1 seconds
worker 3 buried after 2 seconds
goodbye to uWSGI.
*** Starting uWSGI 2.0.24 (64bit) on [Sat Jul  6 05:58:34 2024] ***
compiled with version: 12.2.0 on 02 April 2024 03:29:23
os: Linux-6.5.11-linuxkit #1 SMP PREEMPT Wed Dec  6 17:08:31 UTC 2023
nodename: c1250288e775
machine: aarch64
clock source: unix
detected number of CPU cores: 8
current working directory: /app
detected binary path: /usr/local/bin/uwsgi
!!! no internal routing support, rebuild with pcre support !!!
uWSGI running as root, you can use --uid/--gid/--chroot options
*** WARNING: you are running uWSGI as root !!! (use the --uid flag) *** 
your memory page size is 4096 bytes
detected max file descriptor number: 1048576
lock engine: pthread robust mutexes
thunder lock: disabled (you can enable it with --thunder-lock)
uwsgi socket 0 bound to TCP address :3243 fd 3
uWSGI running as root, you can use --uid/--gid/--chroot options
*** WARNING: you are running uWSGI as root !!! (use the --uid flag) *** 
Python version: 3.8.19 (default, Mar 20 2024, 20:47:03)  [GCC 12.2.0]
*** Python threads support is disabled. You can enable it with --enable-threads ***
Python main interpreter initialized at 0xaaaad4b7dab0
uWSGI running as root, you can use --uid/--gid/--chroot options
*** WARNING: you are running uWSGI as root !!! (use the --uid flag) *** 
your server socket listen backlog is limited to 100 connections
your mercy for graceful operations on workers is 60 seconds
mapped 437520 bytes (427 KB) for 5 cores
*** Operational MODE: preforking ***
WSGI app 0 (mountpoint='') ready in 1 seconds on interpreter 0xaaaad4b7dab0 pid: 1 (default app)
uWSGI running as root, you can use --uid/--gid/--chroot options
*** WARNING: you are running uWSGI as root !!! (use the --uid flag) *** 
*** uWSGI is running in multiple interpreter mode ***
spawned uWSGI master process (pid: 1)
spawned uWSGI worker 1 (pid: 9, cores: 1)
spawned uWSGI worker 2 (pid: 10, cores: 1)
spawned uWSGI worker 3 (pid: 11, cores: 1)
spawned uWSGI worker 4 (pid: 12, cores: 1)
spawned uWSGI worker 5 (pid: 13, cores: 1)
[pid: 11|app: 0|req: 1/1] 192.168.65.1 () {54 vars in 850 bytes} [Sat Jul  6 05:59:05 2024] OPTIONS /api/folder/read => generated 0 bytes in 48 msecs (HTTP/1.1 200) 7 headers in 286 bytes (0 switches on core 0)
[pid: 13|app: 0|req: 1/2] 192.168.65.1 () {54 vars in 858 bytes} [Sat Jul  6 05:59:05 2024] OPTIONS /api/category/detail => generated 0 bytes in 49 msecs (HTTP/1.1 200) 7 headers in 286 bytes (0 switches on core 0)
[pid: 10|app: 0|req: 1/3] 192.168.65.1 () {54 vars in 866 bytes} [Sat Jul  6 05:59:05 2024] OPTIONS /api/dir/translate/check => generated 0 bytes in 49 msecs (HTTP/1.1 200) 7 headers in 286 bytes (0 switches on core 0)
[pid: 13|app: 0|req: 2/4] 192.168.65.1 () {52 vars in 847 bytes} [Sat Jul  6 05:59:05 2024] POST /api/category/detail => generated 1005 bytes in 12 msecs (HTTP/1.1 200) 4 headers in 139 bytes (1 switches on core 0)
[pid: 12|app: 0|req: 1/5] 192.168.65.1 () {52 vars in 839 bytes} [Sat Jul  6 05:59:05 2024] POST /api/folder/read => generated 15921 bytes in 14 msecs (HTTP/1.1 200) 4 headers in 148 bytes (1 switches on core 0)
[pid: 11|app: 0|req: 2/6] 192.168.65.1 () {52 vars in 855 bytes} [Sat Jul  6 05:59:05 2024] POST /api/dir/translate/check => generated 321 bytes in 130 msecs (HTTP/1.1 200) 4 headers in 138 bytes (1 switches on core 0)
[pid: 11|app: 0|req: 3/7] 192.168.65.1 () {54 vars in 850 bytes} [Sat Jul  6 05:59:29 2024] OPTIONS /api/folder/list => generated 0 bytes in 44 msecs (HTTP/1.1 200) 7 headers in 286 bytes (0 switches on core 0)
[pid: 12|app: 0|req: 2/8] 192.168.65.1 () {52 vars in 839 bytes} [Sat Jul  6 05:59:29 2024] POST /api/folder/list => generated 14 bytes in 17 msecs (HTTP/1.1 200) 4 headers in 137 bytes (1 switches on core 0)
[pid: 12|app: 0|req: 3/9] 192.168.65.1 () {54 vars in 868 bytes} [Sat Jul  6 05:59:29 2024] OPTIONS /api/folder/title/by/list => generated 0 bytes in 1 msecs (HTTP/1.1 200) 7 headers in 286 bytes (0 switches on core 0)
[pid: 12|app: 0|req: 4/10] 192.168.65.1 () {52 vars in 857 bytes} [Sat Jul  6 05:59:29 2024] POST /api/folder/title/by/list => generated 484 bytes in 5 msecs (HTTP/1.1 200) 4 headers in 138 bytes (1 switches on core 0)
[pid: 12|app: 0|req: 5/11] 192.168.65.1 () {54 vars in 850 bytes} [Sat Jul  6 05:59:30 2024] OPTIONS /api/folder/read => generated 0 bytes in 1 msecs (HTTP/1.1 200) 7 headers in 286 bytes (0 switches on core 0)
[pid: 13|app: 0|req: 3/12] 192.168.65.1 () {54 vars in 858 bytes} [Sat Jul  6 05:59:30 2024] OPTIONS /api/category/detail => generated 0 bytes in 14 msecs (HTTP/1.1 200) 7 headers in 286 bytes (0 switches on core 0)
[pid: 12|app: 0|req: 6/13] 192.168.65.1 () {52 vars in 839 bytes} [Sat Jul  6 05:59:30 2024] POST /api/folder/read => generated 41 bytes in 3 msecs (HTTP/1.1 200) 4 headers in 145 bytes (1 switches on core 0)
[pid: 10|app: 0|req: 2/14] 192.168.65.1 () {54 vars in 866 bytes} [Sat Jul  6 05:59:30 2024] OPTIONS /api/dir/translate/check => generated 0 bytes in 14 msecs (HTTP/1.1 200) 7 headers in 286 bytes (0 switches on core 0)
[pid: 11|app: 0|req: 4/15] 192.168.65.1 () {52 vars in 847 bytes} [Sat Jul  6 05:59:30 2024] POST /api/category/detail => generated 1005 bytes in 3 msecs (HTTP/1.1 200) 4 headers in 139 bytes (1 switches on core 0)
[pid: 13|app: 0|req: 4/16] 192.168.65.1 () {52 vars in 855 bytes} [Sat Jul  6 05:59:30 2024] POST /api/dir/translate/check => generated 12 bytes in 31 msecs (HTTP/1.1 200) 4 headers in 137 bytes (1 switches on core 0)
[pid: 12|app: 0|req: 7/18] 192.168.65.1 () {54 vars in 850 bytes} [Sat Jul  6 05:59:41 2024] OPTIONS /api/file/upload => generated 0 bytes in 2 msecs (HTTP/1.1 200) 7 headers in 286 bytes (0 switches on core 0)
[pid: 13|app: 0|req: 5/18] 192.168.65.1 () {54 vars in 848 bytes} [Sat Jul  6 05:59:41 2024] OPTIONS /api/dir/update => generated 0 bytes in 2 msecs (HTTP/1.1 200) 7 headers in 286 bytes (0 switches on core 0)
[pid: 11|app: 0|req: 5/19] 192.168.65.1 () {52 vars in 841 bytes} [Sat Jul  6 05:59:41 2024] POST /api/file/upload => generated 43 bytes in 6 msecs (HTTP/1.1 200) 4 headers in 137 bytes (1 switches on core 0)
[pid: 13|app: 0|req: 6/20] 192.168.65.1 () {52 vars in 837 bytes} [Sat Jul  6 05:59:41 2024] POST /api/dir/update => generated 119 bytes in 1419 msecs (HTTP/1.1 200) 4 headers in 138 bytes (1 switches on core 0)
[pid: 13|app: 0|req: 7/21] 192.168.65.1 () {54 vars in 850 bytes} [Sat Jul  6 05:59:45 2024] OPTIONS /api/folder/list => generated 0 bytes in 5 msecs (HTTP/1.1 200) 7 headers in 286 bytes (0 switches on core 0)
[pid: 13|app: 0|req: 8/22] 192.168.65.1 () {52 vars in 839 bytes} [Sat Jul  6 05:59:45 2024] POST /api/folder/list => generated 14 bytes in 8 msecs (HTTP/1.1 200) 4 headers in 137 bytes (1 switches on core 0)
[pid: 13|app: 0|req: 9/23] 192.168.65.1 () {54 vars in 868 bytes} [Sat Jul  6 05:59:45 2024] OPTIONS /api/folder/title/by/list => generated 0 bytes in 3 msecs (HTTP/1.1 200) 7 headers in 286 bytes (0 switches on core 0)
[pid: 13|app: 0|req: 10/24] 192.168.65.1 () {52 vars in 857 bytes} [Sat Jul  6 05:59:45 2024] POST /api/folder/title/by/list => generated 484 bytes in 23 msecs (HTTP/1.1 200) 4 headers in 138 bytes (1 switches on core 0)
[pid: 13|app: 0|req: 11/25] 192.168.65.1 () {54 vars in 858 bytes} [Sat Jul  6 05:59:46 2024] OPTIONS /api/category/detail => generated 0 bytes in 3 msecs (HTTP/1.1 200) 7 headers in 286 bytes (0 switches on core 0)
[pid: 12|app: 0|req: 8/26] 192.168.65.1 () {54 vars in 850 bytes} [Sat Jul  6 05:59:46 2024] OPTIONS /api/folder/read => generated 0 bytes in 27 msecs (HTTP/1.1 200) 7 headers in 286 bytes (0 switches on core 0)
[pid: 10|app: 0|req: 3/27] 192.168.65.1 () {54 vars in 866 bytes} [Sat Jul  6 05:59:46 2024] OPTIONS /api/dir/translate/check => generated 0 bytes in 27 msecs (HTTP/1.1 200) 7 headers in 286 bytes (0 switches on core 0)
[pid: 13|app: 0|req: 12/28] 192.168.65.1 () {52 vars in 839 bytes} [Sat Jul  6 05:59:46 2024] POST /api/folder/read => generated 41 bytes in 6 msecs (HTTP/1.1 200) 4 headers in 145 bytes (1 switches on core 0)
[pid: 10|app: 0|req: 4/29] 192.168.65.1 () {52 vars in 855 bytes} [Sat Jul  6 05:59:46 2024] POST /api/dir/translate/check => generated 12 bytes in 22 msecs (HTTP/1.1 200) 4 headers in 137 bytes (1 switches on core 0)
[pid: 9|app: 0|req: 1/30] 192.168.65.1 () {52 vars in 847 bytes} [Sat Jul  6 05:59:46 2024] POST /api/category/detail => generated 1005 bytes in 45 msecs (HTTP/1.1 200) 4 headers in 139 bytes (1 switches on core 0)
[pid: 12|app: 0|req: 9/31] 192.168.65.1 () {52 vars in 839 bytes} [Sat Jul  6 05:59:49 2024] POST /api/folder/list => generated 14 bytes in 13 msecs (HTTP/1.1 200) 4 headers in 137 bytes (1 switches on core 0)
[pid: 13|app: 0|req: 13/32] 192.168.65.1 () {52 vars in 857 bytes} [Sat Jul  6 05:59:49 2024] POST /api/folder/title/by/list => generated 484 bytes in 14 msecs (HTTP/1.1 200) 4 headers in 138 bytes (1 switches on core 0)
[pid: 13|app: 0|req: 14/33] 192.168.65.1 () {52 vars in 839 bytes} [Sat Jul  6 05:59:51 2024] POST /api/folder/read => generated 41 bytes in 3 msecs (HTTP/1.1 200) 4 headers in 145 bytes (1 switches on core 0)
[pid: 12|app: 0|req: 10/34] 192.168.65.1 () {52 vars in 847 bytes} [Sat Jul  6 05:59:51 2024] POST /api/category/detail => generated 1005 bytes in 3 msecs (HTTP/1.1 200) 4 headers in 139 bytes (1 switches on core 0)
[pid: 11|app: 0|req: 6/35] 192.168.65.1 () {52 vars in 855 bytes} [Sat Jul  6 05:59:51 2024] POST /api/dir/translate/check => generated 12 bytes in 13 msecs (HTTP/1.1 200) 4 headers in 137 bytes (1 switches on core 0)
[pid: 13|app: 0|req: 15/36] 192.168.65.1 () {54 vars in 850 bytes} [Sat Jul  6 05:59:56 2024] OPTIONS /api/folder/list => generated 0 bytes in 1 msecs (HTTP/1.1 200) 7 headers in 286 bytes (0 switches on core 0)
[pid: 13|app: 0|req: 16/37] 192.168.65.1 () {52 vars in 839 bytes} [Sat Jul  6 05:59:56 2024] POST /api/folder/list => generated 14 bytes in 2 msecs (HTTP/1.1 200) 4 headers in 137 bytes (1 switches on core 0)
[pid: 13|app: 0|req: 17/38] 192.168.65.1 () {54 vars in 868 bytes} [Sat Jul  6 05:59:56 2024] OPTIONS /api/folder/title/by/list => generated 0 bytes in 1 msecs (HTTP/1.1 200) 7 headers in 286 bytes (0 switches on core 0)
[pid: 12|app: 0|req: 11/39] 192.168.65.1 () {52 vars in 857 bytes} [Sat Jul  6 05:59:56 2024] POST /api/folder/title/by/list => generated 484 bytes in 6 msecs (HTTP/1.1 200) 4 headers in 138 bytes (1 switches on core 0)
[pid: 13|app: 0|req: 18/41] 192.168.65.1 () {54 vars in 858 bytes} [Sat Jul  6 05:59:59 2024] OPTIONS /api/category/detail => generated 0 bytes in 1 msecs (HTTP/1.1 200) 7 headers in 286 bytes (0 switches on core 0)
[pid: 12|app: 0|req: 12/41] 192.168.65.1 () {54 vars in 866 bytes} [Sat Jul  6 05:59:59 2024] OPTIONS /api/dir/translate/check => generated 0 bytes in 1 msecs (HTTP/1.1 200) 7 headers in 286 bytes (0 switches on core 0)
[pid: 11|app: 0|req: 7/42] 192.168.65.1 () {54 vars in 850 bytes} [Sat Jul  6 05:59:59 2024] OPTIONS /api/folder/read => generated 0 bytes in 1 msecs (HTTP/1.1 200) 7 headers in 286 bytes (0 switches on core 0)
[pid: 12|app: 0|req: 13/43] 192.168.65.1 () {52 vars in 847 bytes} [Sat Jul  6 05:59:59 2024] POST /api/category/detail => generated 1005 bytes in 2 msecs (HTTP/1.1 200) 4 headers in 139 bytes (1 switches on core 0)
[pid: 11|app: 0|req: 8/44] 192.168.65.1 () {52 vars in 839 bytes} [Sat Jul  6 05:59:59 2024] POST /api/folder/read => generated 15921 bytes in 2 msecs (HTTP/1.1 200) 4 headers in 148 bytes (1 switches on core 0)
[pid: 13|app: 0|req: 19/45] 192.168.65.1 () {52 vars in 855 bytes} [Sat Jul  6 05:59:59 2024] POST /api/dir/translate/check => generated 321 bytes in 149 msecs (HTTP/1.1 200) 4 headers in 138 bytes (1 switches on core 0)
[pid: 10|app: 0|req: 5/46] 192.168.65.1 () {54 vars in 854 bytes} [Sat Jul  6 06:08:37 2024] OPTIONS /api/category/list => generated 0 bytes in 13 msecs (HTTP/1.1 200) 7 headers in 286 bytes (0 switches on core 0)
[pid: 13|app: 0|req: 20/47] 192.168.65.1 () {52 vars in 843 bytes} [Sat Jul  6 06:08:37 2024] POST /api/category/list => generated 635 bytes in 10 msecs (HTTP/1.1 200) 4 headers in 146 bytes (1 switches on core 0)
[pid: 9|app: 0|req: 2/48] 192.168.65.1 () {54 vars in 850 bytes} [Sat Jul  6 06:10:30 2024] OPTIONS /api/folder/list => generated 0 bytes in 9 msecs (HTTP/1.1 200) 7 headers in 286 bytes (0 switches on core 0)
[pid: 10|app: 0|req: 6/49] 192.168.65.1 () {52 vars in 839 bytes} [Sat Jul  6 06:10:30 2024] POST /api/folder/list => generated 14 bytes in 19 msecs (HTTP/1.1 200) 4 headers in 137 bytes (1 switches on core 0)
[pid: 13|app: 0|req: 21/50] 192.168.65.1 () {54 vars in 868 bytes} [Sat Jul  6 06:10:30 2024] OPTIONS /api/folder/title/by/list => generated 0 bytes in 7 msecs (HTTP/1.1 200) 7 headers in 286 bytes (0 switches on core 0)
[pid: 9|app: 0|req: 3/51] 192.168.65.1 () {52 vars in 857 bytes} [Sat Jul  6 06:10:30 2024] POST /api/folder/title/by/list => generated 484 bytes in 14 msecs (HTTP/1.1 200) 4 headers in 138 bytes (1 switches on core 0)
[pid: 11|app: 0|req: 9/52] 192.168.65.1 () {54 vars in 850 bytes} [Sat Jul  6 06:10:31 2024] OPTIONS /api/folder/read => generated 0 bytes in 8 msecs (HTTP/1.1 200) 7 headers in 286 bytes (0 switches on core 0)
[pid: 9|app: 0|req: 4/53] 192.168.65.1 () {54 vars in 866 bytes} [Sat Jul  6 06:10:31 2024] OPTIONS /api/dir/translate/check => generated 0 bytes in 0 msecs (HTTP/1.1 200) 7 headers in 286 bytes (0 switches on core 0)
[pid: 12|app: 0|req: 14/54] 192.168.65.1 () {54 vars in 858 bytes} [Sat Jul  6 06:10:31 2024] OPTIONS /api/category/detail => generated 0 bytes in 5 msecs (HTTP/1.1 200) 7 headers in 286 bytes (0 switches on core 0)
[pid: 13|app: 0|req: 22/55] 192.168.65.1 () {52 vars in 839 bytes} [Sat Jul  6 06:10:31 2024] POST /api/folder/read => generated 15921 bytes in 11 msecs (HTTP/1.1 200) 4 headers in 148 bytes (1 switches on core 0)
[pid: 12|app: 0|req: 15/56] 192.168.65.1 () {52 vars in 847 bytes} [Sat Jul  6 06:10:31 2024] POST /api/category/detail => generated 1005 bytes in 10 msecs (HTTP/1.1 200) 4 headers in 139 bytes (1 switches on core 0)
[pid: 11|app: 0|req: 10/57] 192.168.65.1 () {52 vars in 855 bytes} [Sat Jul  6 06:10:31 2024] POST /api/dir/translate/check => generated 321 bytes in 204 msecs (HTTP/1.1 200) 4 headers in 138 bytes (1 switches on core 0)
[pid: 13|app: 0|req: 23/58] 192.168.65.1 () {54 vars in 854 bytes} [Sat Jul  6 06:11:03 2024] OPTIONS /api/category/list => generated 0 bytes in 7 msecs (HTTP/1.1 200) 7 headers in 286 bytes (0 switches on core 0)
[pid: 13|app: 0|req: 24/59] 192.168.65.1 () {52 vars in 843 bytes} [Sat Jul  6 06:11:03 2024] POST /api/category/list => generated 635 bytes in 6 msecs (HTTP/1.1 200) 4 headers in 146 bytes (1 switches on core 0)
[pid: 13|app: 0|req: 25/60] 192.168.65.1 () {54 vars in 858 bytes} [Sat Jul  6 06:11:15 2024] OPTIONS /api/category/detail => generated 0 bytes in 5 msecs (HTTP/1.1 200) 7 headers in 286 bytes (0 switches on core 0)
[pid: 13|app: 0|req: 26/61] 192.168.65.1 () {52 vars in 847 bytes} [Sat Jul  6 06:11:15 2024] POST /api/category/detail => generated 1005 bytes in 10 msecs (HTTP/1.1 200) 4 headers in 139 bytes (1 switches on core 0)
[pid: 13|app: 0|req: 27/62] 192.168.65.1 () {54 vars in 850 bytes} [Sat Jul  6 06:11:23 2024] OPTIONS /api/folder/list => generated 0 bytes in 1 msecs (HTTP/1.1 200) 7 headers in 286 bytes (0 switches on core 0)
[pid: 13|app: 0|req: 28/63] 192.168.65.1 () {52 vars in 839 bytes} [Sat Jul  6 06:11:23 2024] POST /api/folder/list => generated 14 bytes in 7 msecs (HTTP/1.1 200) 4 headers in 137 bytes (1 switches on core 0)
[pid: 13|app: 0|req: 29/64] 192.168.65.1 () {54 vars in 868 bytes} [Sat Jul  6 06:11:23 2024] OPTIONS /api/folder/title/by/list => generated 0 bytes in 0 msecs (HTTP/1.1 200) 7 headers in 286 bytes (0 switches on core 0)
[pid: 13|app: 0|req: 30/65] 192.168.65.1 () {52 vars in 857 bytes} [Sat Jul  6 06:11:23 2024] POST /api/folder/title/by/list => generated 484 bytes in 14 msecs (HTTP/1.1 200) 4 headers in 138 bytes (1 switches on core 0)
[pid: 13|app: 0|req: 31/66] 192.168.65.1 () {54 vars in 850 bytes} [Sat Jul  6 06:11:24 2024] OPTIONS /api/folder/read => generated 0 bytes in 1 msecs (HTTP/1.1 200) 7 headers in 286 bytes (0 switches on core 0)
[pid: 12|app: 0|req: 16/67] 192.168.65.1 () {54 vars in 858 bytes} [Sat Jul  6 06:11:24 2024] OPTIONS /api/category/detail => generated 0 bytes in 7 msecs (HTTP/1.1 200) 7 headers in 286 bytes (0 switches on core 0)
[pid: 10|app: 0|req: 7/68] 192.168.65.1 () {54 vars in 866 bytes} [Sat Jul  6 06:11:24 2024] OPTIONS /api/dir/translate/check => generated 0 bytes in 10 msecs (HTTP/1.1 200) 7 headers in 286 bytes (0 switches on core 0)
[pid: 13|app: 0|req: 32/69] 192.168.65.1 () {52 vars in 839 bytes} [Sat Jul  6 06:11:24 2024] POST /api/folder/read => generated 15921 bytes in 7 msecs (HTTP/1.1 200) 4 headers in 148 bytes (1 switches on core 0)
[pid: 12|app: 0|req: 17/70] 192.168.65.1 () {52 vars in 847 bytes} [Sat Jul  6 06:11:24 2024] POST /api/category/detail => generated 1005 bytes in 5 msecs (HTTP/1.1 200) 4 headers in 139 bytes (1 switches on core 0)
[pid: 13|app: 0|req: 33/71] 192.168.65.1 () {52 vars in 855 bytes} [Sat Jul  6 06:11:24 2024] POST /api/dir/translate/check => generated 321 bytes in 116 msecs (HTTP/1.1 200) 4 headers in 138 bytes (1 switches on core 0)
[pid: 11|app: 0|req: 11/72] 192.168.65.1 () {54 vars in 854 bytes} [Sat Jul  6 06:11:28 2024] OPTIONS /api/category/list => generated 0 bytes in 11 msecs (HTTP/1.1 200) 7 headers in 286 bytes (0 switches on core 0)
[pid: 13|app: 0|req: 34/73] 192.168.65.1 () {52 vars in 843 bytes} [Sat Jul  6 06:11:28 2024] POST /api/category/list => generated 635 bytes in 2 msecs (HTTP/1.1 200) 4 headers in 146 bytes (1 switches on core 0)
[pid: 12|app: 0|req: 18/74] 192.168.65.1 () {54 vars in 858 bytes} [Sat Jul  6 06:11:29 2024] OPTIONS /api/category/detail => generated 0 bytes in 1 msecs (HTTP/1.1 200) 7 headers in 286 bytes (0 switches on core 0)
[pid: 13|app: 0|req: 35/75] 192.168.65.1 () {52 vars in 847 bytes} [Sat Jul  6 06:11:29 2024] POST /api/category/detail => generated 1005 bytes in 2 msecs (HTTP/1.1 200) 4 headers in 139 bytes (1 switches on core 0)
[pid: 13|app: 0|req: 36/76] 192.168.65.1 () {54 vars in 854 bytes} [Sat Jul  6 06:12:26 2024] OPTIONS /api/category/list => generated 0 bytes in 8 msecs (HTTP/1.1 200) 7 headers in 286 bytes (0 switches on core 0)
[pid: 12|app: 0|req: 19/77] 192.168.65.1 () {52 vars in 843 bytes} [Sat Jul  6 06:12:26 2024] POST /api/category/list => generated 635 bytes in 20 msecs (HTTP/1.1 200) 4 headers in 146 bytes (1 switches on core 0)
[pid: 12|app: 0|req: 20/78] 192.168.65.1 () {54 vars in 850 bytes} [Sat Jul  6 06:12:35 2024] OPTIONS /api/folder/list => generated 0 bytes in 1 msecs (HTTP/1.1 200) 7 headers in 286 bytes (0 switches on core 0)
[pid: 13|app: 0|req: 37/79] 192.168.65.1 () {52 vars in 839 bytes} [Sat Jul  6 06:12:35 2024] POST /api/folder/list => generated 14 bytes in 5 msecs (HTTP/1.1 200) 4 headers in 137 bytes (1 switches on core 0)
[pid: 13|app: 0|req: 38/80] 192.168.65.1 () {54 vars in 868 bytes} [Sat Jul  6 06:12:35 2024] OPTIONS /api/folder/title/by/list => generated 0 bytes in 1 msecs (HTTP/1.1 200) 7 headers in 286 bytes (0 switches on core 0)
[pid: 12|app: 0|req: 21/81] 192.168.65.1 () {52 vars in 857 bytes} [Sat Jul  6 06:12:35 2024] POST /api/folder/title/by/list => generated 484 bytes in 12 msecs (HTTP/1.1 200) 4 headers in 138 bytes (1 switches on core 0)
[pid: 13|app: 0|req: 39/82] 192.168.65.1 () {54 vars in 850 bytes} [Sat Jul  6 06:12:36 2024] OPTIONS /api/folder/read => generated 0 bytes in 29 msecs (HTTP/1.1 200) 7 headers in 286 bytes (0 switches on core 0)
[pid: 10|app: 0|req: 8/84] 192.168.65.1 () {54 vars in 866 bytes} [Sat Jul  6 06:12:36 2024] OPTIONS /api/dir/translate/check => generated 0 bytes in 16 msecs (HTTP/1.1 200) 7 headers in 286 bytes (0 switches on core 0)
[pid: 12|app: 0|req: 22/83] 192.168.65.1 () {54 vars in 858 bytes} [Sat Jul  6 06:12:36 2024] OPTIONS /api/category/detail => generated 0 bytes in 15 msecs (HTTP/1.1 200) 7 headers in 286 bytes (0 switches on core 0)
[pid: 13|app: 0|req: 40/85] 192.168.65.1 () {52 vars in 839 bytes} [Sat Jul  6 06:12:36 2024] POST /api/folder/read => generated 15921 bytes in 12 msecs (HTTP/1.1 200) 4 headers in 148 bytes (1 switches on core 0)
[pid: 12|app: 0|req: 23/86] 192.168.65.1 () {52 vars in 847 bytes} [Sat Jul  6 06:12:36 2024] POST /api/category/detail => generated 1005 bytes in 6 msecs (HTTP/1.1 200) 4 headers in 139 bytes (1 switches on core 0)
[pid: 11|app: 0|req: 12/87] 192.168.65.1 () {52 vars in 855 bytes} [Sat Jul  6 06:12:36 2024] POST /api/dir/translate/check => generated 321 bytes in 188 msecs (HTTP/1.1 200) 4 headers in 138 bytes (1 switches on core 0)
[pid: 12|app: 0|req: 24/88] 192.168.65.1 () {52 vars in 839 bytes} [Sat Jul  6 06:12:41 2024] POST /api/folder/read => generated 15921 bytes in 13 msecs (HTTP/1.1 200) 4 headers in 148 bytes (1 switches on core 0)
[pid: 13|app: 0|req: 41/89] 192.168.65.1 () {52 vars in 847 bytes} [Sat Jul  6 06:12:41 2024] POST /api/category/detail => generated 1005 bytes in 14 msecs (HTTP/1.1 200) 4 headers in 139 bytes (1 switches on core 0)
[pid: 10|app: 0|req: 9/90] 192.168.65.1 () {52 vars in 855 bytes} [Sat Jul  6 06:12:41 2024] POST /api/dir/translate/check => generated 321 bytes in 134 msecs (HTTP/1.1 200) 4 headers in 138 bytes (1 switches on core 0)
SIGINT/SIGTERM received...killing workers...
worker 1 buried after 1 seconds
worker 2 buried after 1 seconds
worker 3 buried after 1 seconds
worker 4 buried after 1 seconds
worker 5 buried after 1 seconds
goodbye to uWSGI.
*** Starting uWSGI 2.0.24 (64bit) on [Sat Jul  6 06:13:04 2024] ***
compiled with version: 12.2.0 on 02 April 2024 03:29:23
os: Linux-6.5.11-linuxkit #1 SMP PREEMPT Wed Dec  6 17:08:31 UTC 2023
nodename: c1250288e775
machine: aarch64
clock source: unix
detected number of CPU cores: 8
current working directory: /app
detected binary path: /usr/local/bin/uwsgi
!!! no internal routing support, rebuild with pcre support !!!
uWSGI running as root, you can use --uid/--gid/--chroot options
*** WARNING: you are running uWSGI as root !!! (use the --uid flag) *** 
your memory page size is 4096 bytes
detected max file descriptor number: 1048576
lock engine: pthread robust mutexes
thunder lock: disabled (you can enable it with --thunder-lock)
uwsgi socket 0 bound to TCP address :3243 fd 3
uWSGI running as root, you can use --uid/--gid/--chroot options
*** WARNING: you are running uWSGI as root !!! (use the --uid flag) *** 
Python version: 3.8.19 (default, Mar 20 2024, 20:47:03)  [GCC 12.2.0]
*** Python threads support is disabled. You can enable it with --enable-threads ***
Python main interpreter initialized at 0xaaab1a2f9ab0
uWSGI running as root, you can use --uid/--gid/--chroot options
*** WARNING: you are running uWSGI as root !!! (use the --uid flag) *** 
your server socket listen backlog is limited to 100 connections
your mercy for graceful operations on workers is 60 seconds
mapped 437520 bytes (427 KB) for 5 cores
*** Operational MODE: preforking ***
WSGI app 0 (mountpoint='') ready in 1 seconds on interpreter 0xaaab1a2f9ab0 pid: 1 (default app)
uWSGI running as root, you can use --uid/--gid/--chroot options
*** WARNING: you are running uWSGI as root !!! (use the --uid flag) *** 
*** uWSGI is running in multiple interpreter mode ***
spawned uWSGI master process (pid: 1)
spawned uWSGI worker 1 (pid: 9, cores: 1)
spawned uWSGI worker 2 (pid: 10, cores: 1)
spawned uWSGI worker 3 (pid: 11, cores: 1)
spawned uWSGI worker 4 (pid: 12, cores: 1)
spawned uWSGI worker 5 (pid: 13, cores: 1)
